2025-01-11 06:40:53,188 - DEBUG - Logging level set to: debug
2025-01-11 06:40:53,189 - INFO - Started clustering analysis at 2025-01-11 06:40:53
2025-01-11 06:40:53,189 - INFO - 
=== Execution Configuration ===
2025-01-11 06:40:53,189 - INFO - Datasets:
2025-01-11 06:40:53,189 - INFO -   Training data: ./data/processed/clf/aloi_train.txt
2025-01-11 06:40:53,189 - INFO -   Test data: ./data/processed/clf/aloi_test.txt
2025-01-11 06:40:53,189 - INFO - Task Configuration:
2025-01-11 06:40:53,189 - INFO -   Task type: clf
2025-01-11 06:40:53,189 - INFO -   SVM implementation: libsvm
2025-01-11 06:40:53,189 - INFO -   Parallel training: True
2025-01-11 06:40:53,189 - INFO -   Training jobs: -1
2025-01-11 06:40:53,189 - INFO - Clustering Configuration:
2025-01-11 06:40:53,189 - INFO -   Clustering enabled: True
2025-01-11 06:40:53,189 - INFO -   entorpy selection: True
2025-01-11 06:40:53,189 - INFO -   Entropy ratio: 0.3
2025-01-11 06:40:53,189 - INFO -   Cascade clustering: True
2025-01-11 06:40:53,189 - INFO -   Algorithm: kmeans
2025-01-11 06:40:53,189 - INFO -   Method: silhouette
2025-01-11 06:40:53,189 - INFO -   k range: 2 to 100
2025-01-11 06:40:53,189 - INFO -   Parallel clustering: True
2025-01-11 06:40:53,189 - INFO -   Cluster jobs: -1
2025-01-11 06:40:53,189 - INFO -   Sampling enabled: True
2025-01-11 06:40:53,189 - INFO -   Sampling ratio: 0.1
2025-01-11 06:40:53,189 - INFO - Data Balancing Configuration:
2025-01-11 06:40:53,189 - INFO -   Data balancing enabled: True
2025-01-11 06:40:53,189 - INFO -   Minimum class ratio: 0.1
2025-01-11 06:40:53,189 - INFO -   Maximum balance samples: 100
2025-01-11 06:40:53,189 - INFO - Feature Processing Configuration:
2025-01-11 06:40:53,189 - INFO -   Feature processing enabled: False
2025-01-11 06:40:53,189 - INFO - Hyperparameter Tuning Configuration:
2025-01-11 06:40:53,189 - INFO -   Tuning enabled: True
2025-01-11 06:40:53,189 - INFO -   Optimizer: bayes
2025-01-11 06:40:53,189 - INFO -   Number of iterations: 10
2025-01-11 06:40:53,189 - INFO -   Cross-validation folds: 5
2025-01-11 06:40:53,189 - INFO -   Parallel tuning: True
2025-01-11 06:40:53,189 - INFO -   Tuning jobs: -1
2025-01-11 06:40:53,189 - INFO - 
==================================================

2025-01-11 06:40:53,189 - INFO - Loading training data...
2025-01-11 06:40:54,019 - INFO - Training data loaded in 0.83 seconds
2025-01-11 06:40:54,019 - INFO - Loading test data...
2025-01-11 06:40:54,228 - INFO - Test data loaded in 0.21 seconds
2025-01-11 06:40:54,228 - INFO - Training data shape: (86400, 128)
2025-01-11 06:40:54,228 - INFO - Test data shape: (21600, 128)
2025-01-11 06:40:54,245 - INFO - Filter out zero ratio >= 0.98 features. Adjust to Common features: 92
2025-01-11 06:40:54,268 - INFO - Data normalization completed in 0.02 seconds
2025-01-11 06:40:54,268 - INFO - Starting clustering...
2025-01-11 06:40:54,268 - INFO - Starting cascade clustering...
2025-01-11 06:40:54,268 - INFO - Fitting cascade clusterer..., level:0
2025-01-11 06:40:54,268 - INFO - Calculating feature entropies...
2025-01-11 06:40:54,931 - INFO - Selected 28 features based on entropy
2025-01-11 06:40:54,931 - DEBUG - Selected feature indices: [70 51 33 84  8 15 36 23 35 25 14 85 66 82 79 34 75 52 47 31 62 89 37 83
  9 69 27 26]
2025-01-11 06:40:54,931 - INFO - Sampling 8640 instances from 86400 total instances
2025-01-11 06:40:54,933 - INFO - Starting parallel silhouette calculation with 99 workers
2025-01-11 06:48:58,814 - DEBUG - k=2: silhouette score = 0.7625
2025-01-11 06:49:10,891 - DEBUG - k=3: silhouette score = 0.7647
2025-01-11 06:50:00,414 - DEBUG - k=4: silhouette score = 0.7654
2025-01-11 06:51:20,709 - DEBUG - k=9: silhouette score = 0.7254
2025-01-11 06:51:24,500 - DEBUG - k=5: silhouette score = 0.7682
2025-01-11 06:51:26,053 - DEBUG - k=7: silhouette score = 0.7664
2025-01-11 06:51:51,659 - DEBUG - k=11: silhouette score = 0.7366
2025-01-11 06:52:14,786 - DEBUG - k=15: silhouette score = 0.7328
2025-01-11 06:52:17,857 - DEBUG - k=6: silhouette score = 0.7665
2025-01-11 06:52:45,880 - DEBUG - k=10: silhouette score = 0.7314
2025-01-11 06:52:47,671 - DEBUG - k=8: silhouette score = 0.7254
2025-01-11 06:53:04,550 - DEBUG - k=20: silhouette score = 0.6980
2025-01-11 06:53:58,844 - DEBUG - k=18: silhouette score = 0.7223
2025-01-11 06:54:17,008 - DEBUG - k=12: silhouette score = 0.7391
2025-01-11 06:54:17,193 - DEBUG - k=13: silhouette score = 0.7403
2025-01-11 06:54:20,733 - DEBUG - k=14: silhouette score = 0.7312
2025-01-11 06:54:29,768 - DEBUG - k=16: silhouette score = 0.7269
2025-01-11 06:54:33,844 - DEBUG - k=45: silhouette score = 0.6845
2025-01-11 06:54:40,071 - DEBUG - k=22: silhouette score = 0.7229
2025-01-11 06:54:43,644 - DEBUG - k=21: silhouette score = 0.6612
2025-01-11 06:54:57,323 - DEBUG - k=23: silhouette score = 0.7286
2025-01-11 06:54:59,434 - DEBUG - k=30: silhouette score = 0.6823
2025-01-11 06:54:59,911 - DEBUG - k=17: silhouette score = 0.7339
2025-01-11 06:55:00,687 - DEBUG - k=27: silhouette score = 0.7153
2025-01-11 06:55:09,121 - DEBUG - k=41: silhouette score = 0.6771
2025-01-11 06:55:14,234 - DEBUG - k=39: silhouette score = 0.6696
2025-01-11 06:55:14,779 - DEBUG - k=24: silhouette score = 0.7208
2025-01-11 06:55:16,408 - DEBUG - k=19: silhouette score = 0.7248
2025-01-11 06:55:21,632 - DEBUG - k=36: silhouette score = 0.6763
2025-01-11 06:55:22,967 - DEBUG - k=25: silhouette score = 0.6763
2025-01-11 06:55:23,440 - DEBUG - k=37: silhouette score = 0.7154
2025-01-11 06:55:24,514 - DEBUG - k=32: silhouette score = 0.7190
2025-01-11 06:55:27,699 - DEBUG - k=29: silhouette score = 0.6823
2025-01-11 06:55:27,982 - DEBUG - k=28: silhouette score = 0.6873
2025-01-11 06:55:30,338 - DEBUG - k=60: silhouette score = 0.6972
2025-01-11 06:55:30,426 - DEBUG - k=42: silhouette score = 0.6797
2025-01-11 06:55:31,048 - DEBUG - k=46: silhouette score = 0.6832
2025-01-11 06:55:31,844 - DEBUG - k=34: silhouette score = 0.6807
2025-01-11 06:55:32,120 - DEBUG - k=55: silhouette score = 0.6952
2025-01-11 06:55:32,434 - DEBUG - k=63: silhouette score = 0.7074
2025-01-11 06:55:32,440 - DEBUG - k=48: silhouette score = 0.6944
2025-01-11 06:55:33,662 - DEBUG - k=52: silhouette score = 0.6933
2025-01-11 06:55:33,771 - DEBUG - k=50: silhouette score = 0.6936
2025-01-11 06:55:33,923 - DEBUG - k=38: silhouette score = 0.6773
2025-01-11 06:55:34,233 - DEBUG - k=43: silhouette score = 0.6804
2025-01-11 06:55:34,378 - DEBUG - k=31: silhouette score = 0.6702
2025-01-11 06:55:34,671 - DEBUG - k=35: silhouette score = 0.6779
2025-01-11 06:55:34,683 - DEBUG - k=40: silhouette score = 0.6826
2025-01-11 06:55:34,982 - DEBUG - k=26: silhouette score = 0.6526
2025-01-11 06:55:35,428 - DEBUG - k=49: silhouette score = 0.6930
2025-01-11 06:55:35,537 - DEBUG - k=56: silhouette score = 0.6957
2025-01-11 06:55:35,596 - DEBUG - k=54: silhouette score = 0.6956
2025-01-11 06:55:35,728 - DEBUG - k=47: silhouette score = 0.6894
2025-01-11 06:55:35,958 - DEBUG - k=51: silhouette score = 0.6863
2025-01-11 06:55:36,797 - DEBUG - k=66: silhouette score = 0.7087
2025-01-11 06:55:37,930 - DEBUG - k=59: silhouette score = 0.6973
2025-01-11 06:55:38,531 - DEBUG - k=61: silhouette score = 0.7058
2025-01-11 06:55:38,896 - DEBUG - k=33: silhouette score = 0.6675
2025-01-11 06:55:39,458 - DEBUG - k=80: silhouette score = 0.7151
2025-01-11 06:55:39,580 - DEBUG - k=69: silhouette score = 0.7061
2025-01-11 06:55:40,164 - DEBUG - k=83: silhouette score = 0.7234
2025-01-11 06:55:40,605 - DEBUG - k=78: silhouette score = 0.7107
2025-01-11 06:55:40,780 - DEBUG - k=44: silhouette score = 0.6736
2025-01-11 06:55:40,876 - DEBUG - k=67: silhouette score = 0.7035
2025-01-11 06:55:40,948 - DEBUG - k=62: silhouette score = 0.7059
2025-01-11 06:55:41,289 - DEBUG - k=71: silhouette score = 0.7110
2025-01-11 06:55:41,585 - DEBUG - k=70: silhouette score = 0.7132
2025-01-11 06:55:42,159 - DEBUG - k=68: silhouette score = 0.7138
2025-01-11 06:55:42,227 - DEBUG - k=57: silhouette score = 0.6867
2025-01-11 06:55:42,573 - DEBUG - k=79: silhouette score = 0.7126
2025-01-11 06:55:42,961 - DEBUG - k=64: silhouette score = 0.7072
2025-01-11 06:55:43,307 - DEBUG - k=65: silhouette score = 0.7023
2025-01-11 06:55:43,426 - DEBUG - k=58: silhouette score = 0.6970
2025-01-11 06:55:43,519 - DEBUG - k=76: silhouette score = 0.7138
2025-01-11 06:55:43,620 - DEBUG - k=53: silhouette score = 0.6943
2025-01-11 06:55:43,691 - DEBUG - k=73: silhouette score = 0.7152
2025-01-11 06:55:43,922 - DEBUG - k=75: silhouette score = 0.7075
2025-01-11 06:55:44,120 - DEBUG - k=74: silhouette score = 0.7087
2025-01-11 06:55:44,935 - DEBUG - k=81: silhouette score = 0.7111
2025-01-11 06:55:45,066 - DEBUG - k=94: silhouette score = 0.7311
2025-01-11 06:55:45,332 - DEBUG - k=72: silhouette score = 0.7151
2025-01-11 06:55:45,453 - DEBUG - k=93: silhouette score = 0.7274
2025-01-11 06:55:45,616 - DEBUG - k=84: silhouette score = 0.7111
2025-01-11 06:55:45,694 - DEBUG - k=82: silhouette score = 0.7159
2025-01-11 06:55:45,804 - DEBUG - k=89: silhouette score = 0.7265
2025-01-11 06:55:46,027 - DEBUG - k=86: silhouette score = 0.7258
2025-01-11 06:55:46,136 - DEBUG - k=91: silhouette score = 0.7177
2025-01-11 06:55:46,139 - DEBUG - k=97: silhouette score = 0.7257
2025-01-11 06:55:46,212 - DEBUG - k=87: silhouette score = 0.7191
2025-01-11 06:55:46,305 - DEBUG - k=96: silhouette score = 0.7272
2025-01-11 06:55:46,351 - DEBUG - k=95: silhouette score = 0.7223
2025-01-11 06:55:46,476 - DEBUG - k=99: silhouette score = 0.7292
2025-01-11 06:55:46,480 - DEBUG - k=98: silhouette score = 0.7306
2025-01-11 06:55:46,542 - DEBUG - k=88: silhouette score = 0.7247
2025-01-11 06:55:46,629 - DEBUG - k=85: silhouette score = 0.7161
2025-01-11 06:55:46,682 - DEBUG - k=92: silhouette score = 0.7236
2025-01-11 06:55:46,755 - DEBUG - k=77: silhouette score = 0.7094
2025-01-11 06:55:46,836 - DEBUG - k=100: silhouette score = 0.7309
2025-01-11 06:55:46,904 - DEBUG - k=90: silhouette score = 0.7174
2025-01-11 06:55:46,921 - INFO - 
Best silhouette score: 0.7682 (k=5)
2025-01-11 06:55:48,357 - INFO - cluster number:5
2025-01-11 06:55:48,362 - INFO - Detailed scores results saved to: ./output/cluster/aloi_train.txt_silhouette_20250111_065548.csv
2025-01-11 06:55:48,362 - INFO - Results for k scores saved in 0.00 seconds
2025-01-11 06:55:48,364 - INFO - Clusters after level 0: 5
2025-01-11 06:55:48,364 - DEBUG - Cluster 0: 3036 samples (3.51%)
2025-01-11 06:55:48,364 - DEBUG - Cluster 1: 1753 samples (2.03%)
2025-01-11 06:55:48,364 - DEBUG - Cluster 2: 78167 samples (90.47%)
2025-01-11 06:55:48,364 - DEBUG - Cluster 3: 1112 samples (1.29%)
2025-01-11 06:55:48,364 - DEBUG - Cluster 4: 2332 samples (2.70%)
2025-01-11 06:55:48,364 - DEBUG - 
Cluster size distribution after level 0:
2025-01-11 06:55:48,364 - DEBUG - Cluster 0: 3036 samples (3.51%)
2025-01-11 06:55:48,364 - DEBUG - Cluster 1: 1753 samples (2.03%)
2025-01-11 06:55:48,364 - DEBUG - Cluster 2: 78167 samples (90.47%)
2025-01-11 06:55:48,364 - DEBUG - Cluster 3: 1112 samples (1.29%)
2025-01-11 06:55:48,364 - DEBUG - Cluster 4: 2332 samples (2.70%)
2025-01-11 06:55:48,364 - INFO - Over-sized clusters: {2: 78167}
 Starting level 1...
2025-01-11 06:55:48,364 - DEBUG - K for level 1: {2: 8}
2025-01-11 06:55:48,373 - INFO - Sampling 7816 instances from 78167 total instances
2025-01-11 06:55:50,813 - INFO - k for 2 in level 1: 8, labels:[0 1 2 3 4 5 6 7]
2025-01-11 06:55:50,818 - DEBUG - Label mapping: {(0, -1): 0, (1, -1): 1, (2, 0): 2, (2, 1): 3, (2, 2): 4, (2, 3): 5, (2, 4): 6, (2, 5): 7, (2, 6): 8, (2, 7): 9, (3, -1): 10, (4, -1): 11}
2025-01-11 06:55:51,574 - INFO - Final labels: 12
2025-01-11 06:55:51,574 - INFO - Clustering completed in 897.31 seconds
2025-01-11 06:55:51,576 - INFO - cluster number:12
2025-01-11 06:55:51,576 - DEBUG - 
Cluster size distribution:
2025-01-11 06:55:51,576 - DEBUG - Cluster 0: 3036 samples (3.51%)
2025-01-11 06:55:51,576 - DEBUG - Cluster 1: 1753 samples (2.03%)
2025-01-11 06:55:51,576 - DEBUG - Cluster 2: 11309 samples (13.09%)
2025-01-11 06:55:51,576 - DEBUG - Cluster 3: 9931 samples (11.49%)
2025-01-11 06:55:51,576 - DEBUG - Cluster 4: 14942 samples (17.29%)
2025-01-11 06:55:51,576 - DEBUG - Cluster 5: 8250 samples (9.55%)
2025-01-11 06:55:51,576 - DEBUG - Cluster 6: 8829 samples (10.22%)
2025-01-11 06:55:51,576 - DEBUG - Cluster 7: 9777 samples (11.32%)
2025-01-11 06:55:51,576 - DEBUG - Cluster 8: 9185 samples (10.63%)
2025-01-11 06:55:51,576 - DEBUG - Cluster 9: 5944 samples (6.88%)
2025-01-11 06:55:51,576 - DEBUG - Cluster 10: 1112 samples (1.29%)
2025-01-11 06:55:51,576 - DEBUG - Cluster 11: 2332 samples (2.70%)
2025-01-11 06:55:51,577 - INFO - 
=== Data Balancing ===
2025-01-11 06:55:51,646 - INFO - Cluster 0 balanced: 3036 -> 3398 samples, classes:124
2025-01-11 06:55:51,650 - INFO - Cluster 1 balanced: 1753 -> 2019 samples, classes:70
2025-01-11 06:55:51,670 - INFO - Cluster 2 balanced: 11309 -> 12224 samples, classes:362
2025-01-11 06:55:51,681 - INFO - Cluster 3 balanced: 9931 -> 10353 samples, classes:221
2025-01-11 06:55:51,699 - INFO - Cluster 4 balanced: 14942 -> 15748 samples, classes:359
2025-01-11 06:55:51,717 - INFO - Cluster 5 balanced: 8250 -> 9195 samples, classes:278
2025-01-11 06:55:51,737 - INFO - Cluster 6 balanced: 8829 -> 9852 samples, classes:305
2025-01-11 06:55:51,752 - INFO - Cluster 7 balanced: 9777 -> 10380 samples, classes:247
2025-01-11 06:55:51,790 - INFO - Cluster 8 balanced: 9185 -> 11092 samples, classes:461
2025-01-11 06:55:51,803 - INFO - Cluster 9 balanced: 5944 -> 6843 samples, classes:205
2025-01-11 06:55:51,806 - INFO - Cluster 10 balanced: 1112 -> 1190 samples, classes:32
2025-01-11 06:55:51,811 - INFO - Cluster 11 balanced: 2332 -> 2615 samples, classes:80
2025-01-11 06:55:51,812 - INFO - 
Data balancing completed in 0.24 seconds
2025-01-11 06:55:51,812 - INFO - 
=== SVM Training and Testing ===
2025-01-11 06:55:51,812 - INFO - 
=== Hyperparameter Tuning ===
2025-01-11 06:55:51,814 - DEBUG - Auto-calculated optimal number of parallel tuning jobs: 12
2025-01-11 06:55:51,814 - INFO - Starting parallel tuning with 12 workers
2025-01-11 06:55:51,814 - DEBUG - System resources - CPU cores: 256, Available memory: 702.89GB
2025-01-11 06:55:51,817 - DEBUG - classes for cluster 1: 70
2025-01-11 06:55:51,817 - DEBUG - Adjusted cv_folds to 5 due to minimum class samples
2025-01-11 06:55:51,818 - DEBUG - Using 20 parallel jobs for cross-validation
2025-01-11 06:55:51,818 - DEBUG - classes for cluster 0: 124
2025-01-11 06:55:51,818 - DEBUG - BayesSearchCV configuration: n_iter=10, cv=StratifiedKFold(n_splits=5, random_state=42, shuffle=True), n_jobs=20
2025-01-11 06:55:51,819 - DEBUG - Adjusted cv_folds to 5 due to minimum class samples
2025-01-11 06:55:51,824 - DEBUG - Using 20 parallel jobs for cross-validation
2025-01-11 06:55:51,825 - DEBUG - BayesSearchCV configuration: n_iter=10, cv=StratifiedKFold(n_splits=5, random_state=42, shuffle=True), n_jobs=20
2025-01-11 06:55:51,826 - DEBUG - classes for cluster 2: 362
2025-01-11 06:55:51,831 - DEBUG - classes for cluster 4: 359
2025-01-11 06:55:51,831 - DEBUG - Adjusted cv_folds to 5 due to minimum class samples
2025-01-11 06:55:51,832 - DEBUG - Adjusted cv_folds to 5 due to minimum class samples
2025-01-11 06:55:52,036 - DEBUG - Using 20 parallel jobs for cross-validation
2025-01-11 06:55:52,040 - DEBUG - Using 20 parallel jobs for cross-validation
2025-01-11 06:55:52,042 - DEBUG - BayesSearchCV configuration: n_iter=10, cv=StratifiedKFold(n_splits=5, random_state=42, shuffle=True), n_jobs=20
2025-01-11 06:55:52,044 - DEBUG - classes for cluster 3: 221
2025-01-11 06:55:52,044 - DEBUG - BayesSearchCV configuration: n_iter=10, cv=StratifiedKFold(n_splits=5, random_state=42, shuffle=True), n_jobs=20
2025-01-11 06:55:52,048 - DEBUG - classes for cluster 10: 32
2025-01-11 06:55:52,063 - DEBUG - classes for cluster 6: 305
2025-01-11 06:55:52,063 - DEBUG - classes for cluster 9: 205
2025-01-11 06:55:52,063 - DEBUG - Adjusted cv_folds to 5 due to minimum class samples
2025-01-11 06:55:52,063 - DEBUG - classes for cluster 8: 461
2025-01-11 06:55:52,069 - DEBUG - classes for cluster 7: 247
2025-01-11 06:55:52,071 - DEBUG - classes for cluster 5: 278
2025-01-11 06:55:52,088 - DEBUG - Adjusted cv_folds to 5 due to minimum class samples
2025-01-11 06:55:52,088 - DEBUG - Adjusted cv_folds to 5 due to minimum class samples
2025-01-11 06:55:52,089 - DEBUG - classes for cluster 11: 80
2025-01-11 06:55:52,106 - DEBUG - Adjusted cv_folds to 5 due to minimum class samples
2025-01-11 06:55:52,124 - DEBUG - Using 20 parallel jobs for cross-validation
2025-01-11 06:55:52,125 - DEBUG - Adjusted cv_folds to 5 due to minimum class samples
2025-01-11 06:55:52,126 - DEBUG - Adjusted cv_folds to 5 due to minimum class samples
2025-01-11 06:55:52,126 - DEBUG - Adjusted cv_folds to 5 due to minimum class samples
2025-01-11 06:55:52,127 - DEBUG - Using 20 parallel jobs for cross-validation
2025-01-11 06:55:52,128 - DEBUG - Using 20 parallel jobs for cross-validation
2025-01-11 06:55:52,128 - DEBUG - Adjusted cv_folds to 5 due to minimum class samples
2025-01-11 06:55:52,129 - DEBUG - Using 20 parallel jobs for cross-validation
2025-01-11 06:55:52,129 - DEBUG - BayesSearchCV configuration: n_iter=10, cv=StratifiedKFold(n_splits=5, random_state=42, shuffle=True), n_jobs=20
2025-01-11 06:55:52,130 - DEBUG - Using 20 parallel jobs for cross-validation
2025-01-11 06:55:52,130 - DEBUG - Using 20 parallel jobs for cross-validation
2025-01-11 06:55:52,130 - DEBUG - Using 20 parallel jobs for cross-validation
2025-01-11 06:55:52,131 - DEBUG - BayesSearchCV configuration: n_iter=10, cv=StratifiedKFold(n_splits=5, random_state=42, shuffle=True), n_jobs=20
2025-01-11 06:55:52,132 - DEBUG - BayesSearchCV configuration: n_iter=10, cv=StratifiedKFold(n_splits=5, random_state=42, shuffle=True), n_jobs=20
2025-01-11 06:55:52,133 - DEBUG - Using 20 parallel jobs for cross-validation
2025-01-11 06:55:52,133 - DEBUG - BayesSearchCV configuration: n_iter=10, cv=StratifiedKFold(n_splits=5, random_state=42, shuffle=True), n_jobs=20
2025-01-11 06:55:52,137 - DEBUG - BayesSearchCV configuration: n_iter=10, cv=StratifiedKFold(n_splits=5, random_state=42, shuffle=True), n_jobs=20
2025-01-11 06:55:52,137 - DEBUG - BayesSearchCV configuration: n_iter=10, cv=StratifiedKFold(n_splits=5, random_state=42, shuffle=True), n_jobs=20
2025-01-11 06:55:52,142 - DEBUG - BayesSearchCV configuration: n_iter=10, cv=StratifiedKFold(n_splits=5, random_state=42, shuffle=True), n_jobs=20
2025-01-11 06:55:52,750 - DEBUG - BayesSearchCV configuration: n_iter=10, cv=StratifiedKFold(n_splits=5, random_state=42, shuffle=True), n_jobs=20
2025-01-11 06:58:09,353 - INFO - Best parameters for cluster 10: OrderedDict([('C', 0.19091131576909443), ('decision_function_shape', 'ovr'), ('gamma', 39.55560151032723), ('kernel', 'poly')])
2025-01-11 06:58:31,393 - INFO - Best parameters for cluster 1: OrderedDict([('C', 0.19091131576909443), ('decision_function_shape', 'ovr'), ('gamma', 39.55560151032723), ('kernel', 'poly')])
2025-01-11 06:58:33,366 - INFO - Best parameters for cluster 11: OrderedDict([('C', 315.62246465541887), ('decision_function_shape', 'ovo'), ('gamma', 0.3875095991685451), ('kernel', 'rbf')])
2025-01-11 06:58:49,431 - INFO - Best parameters for cluster 0: OrderedDict([('C', 0.19091131576909443), ('decision_function_shape', 'ovr'), ('gamma', 39.55560151032723), ('kernel', 'poly')])
2025-01-11 06:59:22,504 - INFO - Best parameters for cluster 9: OrderedDict([('C', 249.13086324205238), ('decision_function_shape', 'ovo'), ('gamma', 0.14445128939086596), ('kernel', 'rbf')])
2025-01-11 07:00:09,298 - INFO - Best parameters for cluster 3: OrderedDict([('C', 315.62246465541887), ('decision_function_shape', 'ovo'), ('gamma', 0.3875095991685451), ('kernel', 'rbf')])
2025-01-11 07:00:12,579 - INFO - Best parameters for cluster 6: OrderedDict([('C', 0.19091131576909443), ('decision_function_shape', 'ovr'), ('gamma', 39.55560151032723), ('kernel', 'poly')])
2025-01-11 07:00:35,336 - INFO - Best parameters for cluster 7: OrderedDict([('C', 0.19091131576909443), ('decision_function_shape', 'ovr'), ('gamma', 39.55560151032723), ('kernel', 'poly')])
2025-01-11 07:00:44,815 - INFO - Best parameters for cluster 5: OrderedDict([('C', 0.19091131576909443), ('decision_function_shape', 'ovr'), ('gamma', 39.55560151032723), ('kernel', 'poly')])
2025-01-11 07:01:19,699 - INFO - Best parameters for cluster 8: OrderedDict([('C', 0.19091131576909443), ('decision_function_shape', 'ovr'), ('gamma', 39.55560151032723), ('kernel', 'poly')])
2025-01-11 07:01:22,814 - INFO - Best parameters for cluster 2: OrderedDict([('C', 0.19091131576909443), ('decision_function_shape', 'ovr'), ('gamma', 39.55560151032723), ('kernel', 'poly')])
2025-01-11 07:02:56,632 - INFO - Best parameters for cluster 4: OrderedDict([('C', 0.19091131576909443), ('decision_function_shape', 'ovr'), ('gamma', 39.55560151032723), ('kernel', 'poly')])
2025-01-11 07:02:56,634 - INFO - 
Hyperparameter tuning completed in 424.82 seconds
2025-01-11 07:02:56,634 - INFO - 
=== SVM Training ===
2025-01-11 07:02:56,634 - INFO - Using parallel training
2025-01-11 07:02:56,635 - INFO - Starting parallel training with 12 workers
2025-01-11 07:03:06,167 - INFO - Cluster 10 Training:
2025-01-11 07:03:06,167 - DEBUG - Training samples: 1190
2025-01-11 07:03:06,167 - DEBUG - Features: 92
2025-01-11 07:03:06,168 - INFO - Training time: 0.13 seconds
2025-01-11 07:03:06,168 - INFO - Support vectors: 19
2025-01-11 07:03:06,168 - INFO - Cluster 1 Training:
2025-01-11 07:03:06,168 - DEBUG - Training samples: 2019
2025-01-11 07:03:06,168 - DEBUG - Features: 92
2025-01-11 07:03:06,168 - INFO - Training time: 0.39 seconds
2025-01-11 07:03:06,168 - INFO - Support vectors: 14
2025-01-11 07:03:06,168 - INFO - Cluster 11 Training:
2025-01-11 07:03:06,168 - DEBUG - Training samples: 2615
2025-01-11 07:03:06,168 - DEBUG - Features: 92
2025-01-11 07:03:06,168 - INFO - Training time: 0.45 seconds
2025-01-11 07:03:06,168 - INFO - Support vectors: 57
2025-01-11 07:03:06,168 - INFO - Cluster 0 Training:
2025-01-11 07:03:06,168 - DEBUG - Training samples: 3398
2025-01-11 07:03:06,168 - DEBUG - Features: 92
2025-01-11 07:03:06,168 - INFO - Training time: 1.13 seconds
2025-01-11 07:03:06,168 - INFO - Support vectors: 9
2025-01-11 07:03:06,168 - INFO - Cluster 9 Training:
2025-01-11 07:03:06,168 - DEBUG - Training samples: 6843
2025-01-11 07:03:06,168 - DEBUG - Features: 92
2025-01-11 07:03:06,168 - INFO - Training time: 1.92 seconds
2025-01-11 07:03:06,168 - INFO - Support vectors: 9
2025-01-11 07:03:06,168 - INFO - Cluster 3 Training:
2025-01-11 07:03:06,168 - DEBUG - Training samples: 10353
2025-01-11 07:03:06,169 - DEBUG - Features: 92
2025-01-11 07:03:06,169 - INFO - Training time: 3.12 seconds
2025-01-11 07:03:06,169 - INFO - Support vectors: 9
2025-01-11 07:03:06,169 - INFO - Cluster 6 Training:
2025-01-11 07:03:06,169 - DEBUG - Training samples: 9852
2025-01-11 07:03:06,169 - DEBUG - Features: 92
2025-01-11 07:03:06,169 - INFO - Training time: 3.83 seconds
2025-01-11 07:03:06,169 - INFO - Support vectors: 9
2025-01-11 07:03:06,169 - INFO - Cluster 7 Training:
2025-01-11 07:03:06,169 - DEBUG - Training samples: 10380
2025-01-11 07:03:06,169 - DEBUG - Features: 92
2025-01-11 07:03:06,169 - INFO - Training time: 4.12 seconds
2025-01-11 07:03:06,169 - INFO - Support vectors: 18
2025-01-11 07:03:06,169 - INFO - Cluster 5 Training:
2025-01-11 07:03:06,169 - DEBUG - Training samples: 9195
2025-01-11 07:03:06,169 - DEBUG - Features: 92
2025-01-11 07:03:06,169 - INFO - Training time: 5.54 seconds
2025-01-11 07:03:06,169 - INFO - Support vectors: 72
2025-01-11 07:03:06,169 - INFO - Cluster 2 Training:
2025-01-11 07:03:06,169 - DEBUG - Training samples: 12224
2025-01-11 07:03:06,169 - DEBUG - Features: 92
2025-01-11 07:03:06,169 - INFO - Training time: 7.18 seconds
2025-01-11 07:03:06,169 - INFO - Support vectors: 57
2025-01-11 07:03:06,169 - INFO - Cluster 8 Training:
2025-01-11 07:03:06,170 - DEBUG - Training samples: 11092
2025-01-11 07:03:06,170 - DEBUG - Features: 92
2025-01-11 07:03:06,170 - INFO - Training time: 7.95 seconds
2025-01-11 07:03:06,170 - INFO - Support vectors: 16
2025-01-11 07:03:06,170 - INFO - Cluster 4 Training:
2025-01-11 07:03:06,170 - DEBUG - Training samples: 15748
2025-01-11 07:03:06,170 - DEBUG - Features: 92
2025-01-11 07:03:06,170 - INFO - Training time: 9.52 seconds
2025-01-11 07:03:06,170 - INFO - Support vectors: 8
2025-01-11 07:03:06,170 - INFO - 
Total SVM training time: 9.53 seconds
2025-01-11 07:03:06,170 - INFO - 
=== SVM Testing ===
2025-01-11 07:03:06,170 - INFO - Clustering test data...
2025-01-11 07:03:06,170 - INFO - Transforming data using selected features...
2025-01-11 07:03:06,170 - DEBUG - Selected feature indices: [70 51 33 84  8 15 36 23 35 25 14 85 66 82 79 34 75 52 47 31 62 89 37 83
  9 69 27 26]
2025-01-11 07:03:06,171 - DEBUG - Original data shape: (21600, 92)
2025-01-11 07:03:06,176 - DEBUG - Transformed data shape: (21600, 28)
2025-01-11 07:03:06,176 - DEBUG - selected shape: (21600, 28)
2025-01-11 07:03:06,222 - DEBUG - Cluster 0: 761 samples
2025-01-11 07:03:06,223 - DEBUG - Cluster 1: 380 samples
2025-01-11 07:03:06,223 - DEBUG - Cluster 2: 19617 samples
2025-01-11 07:03:06,223 - DEBUG - Cluster 3: 266 samples
2025-01-11 07:03:06,223 - DEBUG - Cluster 4: 576 samples
2025-01-11 07:03:06,223 - DEBUG - len: 21600, level 0 labels: [0 1 2 3 4]
2025-01-11 07:03:06,226 - DEBUG - 2, X_filtered: (19617, 92)
2025-01-11 07:03:06,243 - DEBUG - Cluster 0: 2852 samples
2025-01-11 07:03:06,243 - DEBUG - Cluster 1: 2482 samples
2025-01-11 07:03:06,244 - DEBUG - Cluster 2: 3675 samples
2025-01-11 07:03:06,244 - DEBUG - Cluster 3: 2084 samples
2025-01-11 07:03:06,244 - DEBUG - Cluster 4: 2247 samples
2025-01-11 07:03:06,244 - DEBUG - Cluster 5: 2437 samples
2025-01-11 07:03:06,244 - DEBUG - Cluster 6: 2369 samples
2025-01-11 07:03:06,245 - DEBUG - Cluster 7: 1471 samples
2025-01-11 07:03:06,245 - DEBUG - sub_labels: [0 1 2 3 4 5 6 7]
2025-01-11 07:03:06,486 - INFO - Final testset labels: 12
2025-01-11 07:03:06,486 - DEBUG - len:12, unique_test_labels: [ 0  1  2  3  4  5  6  7  8  9 10 11]
2025-01-11 07:03:06,486 - DEBUG - len:12, test_cluster_sizes: [ 761  380 2852 2482 3675 2084 2247 2437 2369 1471  266  576]
2025-01-11 07:03:06,486 - DEBUG - 
test Cluster size distribution:
2025-01-11 07:03:06,486 - DEBUG - Cluster 0: 761 samples (3.52%)
2025-01-11 07:03:06,486 - DEBUG - Cluster 1: 380 samples (1.76%)
2025-01-11 07:03:06,486 - DEBUG - Cluster 2: 2852 samples (13.20%)
2025-01-11 07:03:06,487 - DEBUG - Cluster 3: 2482 samples (11.49%)
2025-01-11 07:03:06,487 - DEBUG - Cluster 4: 3675 samples (17.01%)
2025-01-11 07:03:06,487 - DEBUG - Cluster 5: 2084 samples (9.65%)
2025-01-11 07:03:06,487 - DEBUG - Cluster 6: 2247 samples (10.40%)
2025-01-11 07:03:06,487 - DEBUG - Cluster 7: 2437 samples (11.28%)
2025-01-11 07:03:06,487 - DEBUG - Cluster 8: 2369 samples (10.97%)
2025-01-11 07:03:06,487 - DEBUG - Cluster 9: 1471 samples (6.81%)
2025-01-11 07:03:06,487 - DEBUG - Cluster 10: 266 samples (1.23%)
2025-01-11 07:03:06,487 - DEBUG - Cluster 11: 576 samples (2.67%)
2025-01-11 07:03:06,494 - INFO - Assignment time: 0.32 seconds
2025-01-11 07:03:06,494 - DEBUG - training Cluster 0 features: [0, 1, 2, 3, 4, 5, 6, 7, 8, 9, 10, 11, 12, 13, 14, 15, 16, 17, 18, 19, 20, 21, 22, 23, 24, 25, 26, 27, 28, 29, 30, 31, 32, 33, 34, 35, 36, 37, 38, 39, 40, 41, 42, 43, 44, 45, 46, 47, 48, 49, 50, 51, 52, 53, 54, 55, 56, 57, 58, 59, 60, 61, 62, 63, 64, 65, 66, 67, 68, 69, 70, 71, 72, 73, 74, 75, 76, 77, 78, 79, 80, 81, 82, 83, 84, 85, 86, 87, 88, 89, 90, 91]
2025-01-11 07:03:06,494 - DEBUG - test Cluster 0 features: [0, 1, 2, 3, 4, 5, 6, 7, 8, 9, 10, 11, 12, 13, 14, 15, 16, 17, 18, 19, 20, 21, 22, 23, 24, 25, 26, 27, 28, 29, 30, 31, 32, 33, 34, 35, 36, 37, 38, 39, 40, 41, 42, 43, 44, 45, 46, 47, 48, 49, 50, 51, 52, 53, 54, 55, 56, 57, 58, 59, 60, 61, 62, 63, 64, 65, 66, 67, 68, 69, 70, 71, 72, 73, 74, 75, 76, 77, 78, 79, 80, 81, 82, 83, 84, 85, 86, 87, 88, 89, 90, 91]
2025-01-11 07:03:06,494 - DEBUG - training Cluster 1 features: [0, 1, 2, 3, 4, 5, 6, 7, 8, 9, 10, 11, 12, 13, 14, 15, 16, 17, 18, 19, 20, 21, 22, 23, 24, 25, 26, 27, 28, 29, 30, 31, 32, 33, 34, 35, 36, 37, 38, 39, 40, 41, 42, 43, 44, 45, 46, 47, 48, 49, 50, 51, 52, 53, 54, 55, 56, 57, 58, 59, 60, 61, 62, 63, 64, 65, 66, 67, 68, 69, 70, 71, 72, 73, 74, 75, 76, 77, 78, 79, 80, 81, 82, 83, 84, 85, 86, 87, 88, 89, 90, 91]
2025-01-11 07:03:06,494 - DEBUG - test Cluster 1 features: [0, 1, 2, 3, 4, 5, 6, 7, 8, 9, 10, 11, 12, 13, 14, 15, 16, 17, 18, 19, 20, 21, 22, 23, 24, 25, 26, 27, 28, 29, 30, 31, 32, 33, 34, 35, 36, 37, 38, 39, 40, 41, 42, 43, 44, 45, 46, 47, 48, 49, 50, 51, 52, 53, 54, 55, 56, 57, 58, 59, 60, 61, 62, 63, 64, 65, 66, 67, 68, 69, 70, 71, 72, 73, 74, 75, 76, 77, 78, 79, 80, 81, 82, 83, 84, 85, 86, 87, 88, 89, 90, 91]
2025-01-11 07:03:06,494 - DEBUG - training Cluster 2 features: [0, 1, 2, 3, 4, 5, 6, 7, 8, 9, 10, 11, 12, 13, 14, 15, 16, 17, 18, 19, 20, 21, 22, 23, 24, 25, 26, 27, 28, 29, 30, 31, 32, 33, 34, 35, 36, 37, 38, 39, 40, 41, 42, 43, 44, 45, 46, 47, 48, 49, 50, 51, 52, 53, 54, 55, 56, 57, 58, 59, 60, 61, 62, 63, 64, 65, 66, 67, 68, 69, 70, 71, 72, 73, 74, 75, 76, 77, 78, 79, 80, 81, 82, 83, 84, 85, 86, 87, 88, 89, 90, 91]
2025-01-11 07:03:06,494 - DEBUG - test Cluster 2 features: [0, 1, 2, 3, 4, 5, 6, 7, 8, 9, 10, 11, 12, 13, 14, 15, 16, 17, 18, 19, 20, 21, 22, 23, 24, 25, 26, 27, 28, 29, 30, 31, 32, 33, 34, 35, 36, 37, 38, 39, 40, 41, 42, 43, 44, 45, 46, 47, 48, 49, 50, 51, 52, 53, 54, 55, 56, 57, 58, 59, 60, 61, 62, 63, 64, 65, 66, 67, 68, 69, 70, 71, 72, 73, 74, 75, 76, 77, 78, 79, 80, 81, 82, 83, 84, 85, 86, 87, 88, 89, 90, 91]
2025-01-11 07:03:06,494 - DEBUG - training Cluster 3 features: [0, 1, 2, 3, 4, 5, 6, 7, 8, 9, 10, 11, 12, 13, 14, 15, 16, 17, 18, 19, 20, 21, 22, 23, 24, 25, 26, 27, 28, 29, 30, 31, 32, 33, 34, 35, 36, 37, 38, 39, 40, 41, 42, 43, 44, 45, 46, 47, 48, 49, 50, 51, 52, 53, 54, 55, 56, 57, 58, 59, 60, 61, 62, 63, 64, 65, 66, 67, 68, 69, 70, 71, 72, 73, 74, 75, 76, 77, 78, 79, 80, 81, 82, 83, 84, 85, 86, 87, 88, 89, 90, 91]
2025-01-11 07:03:06,494 - DEBUG - test Cluster 3 features: [0, 1, 2, 3, 4, 5, 6, 7, 8, 9, 10, 11, 12, 13, 14, 15, 16, 17, 18, 19, 20, 21, 22, 23, 24, 25, 26, 27, 28, 29, 30, 31, 32, 33, 34, 35, 36, 37, 38, 39, 40, 41, 42, 43, 44, 45, 46, 47, 48, 49, 50, 51, 52, 53, 54, 55, 56, 57, 58, 59, 60, 61, 62, 63, 64, 65, 66, 67, 68, 69, 70, 71, 72, 73, 74, 75, 76, 77, 78, 79, 80, 81, 82, 83, 84, 85, 86, 87, 88, 89, 90, 91]
2025-01-11 07:03:06,494 - DEBUG - training Cluster 4 features: [0, 1, 2, 3, 4, 5, 6, 7, 8, 9, 10, 11, 12, 13, 14, 15, 16, 17, 18, 19, 20, 21, 22, 23, 24, 25, 26, 27, 28, 29, 30, 31, 32, 33, 34, 35, 36, 37, 38, 39, 40, 41, 42, 43, 44, 45, 46, 47, 48, 49, 50, 51, 52, 53, 54, 55, 56, 57, 58, 59, 60, 61, 62, 63, 64, 65, 66, 67, 68, 69, 70, 71, 72, 73, 74, 75, 76, 77, 78, 79, 80, 81, 82, 83, 84, 85, 86, 87, 88, 89, 90, 91]
2025-01-11 07:03:06,494 - DEBUG - test Cluster 4 features: [0, 1, 2, 3, 4, 5, 6, 7, 8, 9, 10, 11, 12, 13, 14, 15, 16, 17, 18, 19, 20, 21, 22, 23, 24, 25, 26, 27, 28, 29, 30, 31, 32, 33, 34, 35, 36, 37, 38, 39, 40, 41, 42, 43, 44, 45, 46, 47, 48, 49, 50, 51, 52, 53, 54, 55, 56, 57, 58, 59, 60, 61, 62, 63, 64, 65, 66, 67, 68, 69, 70, 71, 72, 73, 74, 75, 76, 77, 78, 79, 80, 81, 82, 83, 84, 85, 86, 87, 88, 89, 90, 91]
2025-01-11 07:03:06,494 - DEBUG - training Cluster 5 features: [0, 1, 2, 3, 4, 5, 6, 7, 8, 9, 10, 11, 12, 13, 14, 15, 16, 17, 18, 19, 20, 21, 22, 23, 24, 25, 26, 27, 28, 29, 30, 31, 32, 33, 34, 35, 36, 37, 38, 39, 40, 41, 42, 43, 44, 45, 46, 47, 48, 49, 50, 51, 52, 53, 54, 55, 56, 57, 58, 59, 60, 61, 62, 63, 64, 65, 66, 67, 68, 69, 70, 71, 72, 73, 74, 75, 76, 77, 78, 79, 80, 81, 82, 83, 84, 85, 86, 87, 88, 89, 90, 91]
2025-01-11 07:03:06,494 - DEBUG - test Cluster 5 features: [0, 1, 2, 3, 4, 5, 6, 7, 8, 9, 10, 11, 12, 13, 14, 15, 16, 17, 18, 19, 20, 21, 22, 23, 24, 25, 26, 27, 28, 29, 30, 31, 32, 33, 34, 35, 36, 37, 38, 39, 40, 41, 42, 43, 44, 45, 46, 47, 48, 49, 50, 51, 52, 53, 54, 55, 56, 57, 58, 59, 60, 61, 62, 63, 64, 65, 66, 67, 68, 69, 70, 71, 72, 73, 74, 75, 76, 77, 78, 79, 80, 81, 82, 83, 84, 85, 86, 87, 88, 89, 90, 91]
2025-01-11 07:03:06,494 - DEBUG - training Cluster 6 features: [0, 1, 2, 3, 4, 5, 6, 7, 8, 9, 10, 11, 12, 13, 14, 15, 16, 17, 18, 19, 20, 21, 22, 23, 24, 25, 26, 27, 28, 29, 30, 31, 32, 33, 34, 35, 36, 37, 38, 39, 40, 41, 42, 43, 44, 45, 46, 47, 48, 49, 50, 51, 52, 53, 54, 55, 56, 57, 58, 59, 60, 61, 62, 63, 64, 65, 66, 67, 68, 69, 70, 71, 72, 73, 74, 75, 76, 77, 78, 79, 80, 81, 82, 83, 84, 85, 86, 87, 88, 89, 90, 91]
2025-01-11 07:03:06,495 - DEBUG - test Cluster 6 features: [0, 1, 2, 3, 4, 5, 6, 7, 8, 9, 10, 11, 12, 13, 14, 15, 16, 17, 18, 19, 20, 21, 22, 23, 24, 25, 26, 27, 28, 29, 30, 31, 32, 33, 34, 35, 36, 37, 38, 39, 40, 41, 42, 43, 44, 45, 46, 47, 48, 49, 50, 51, 52, 53, 54, 55, 56, 57, 58, 59, 60, 61, 62, 63, 64, 65, 66, 67, 68, 69, 70, 71, 72, 73, 74, 75, 76, 77, 78, 79, 80, 81, 82, 83, 84, 85, 86, 87, 88, 89, 90, 91]
2025-01-11 07:03:06,495 - DEBUG - training Cluster 7 features: [0, 1, 2, 3, 4, 5, 6, 7, 8, 9, 10, 11, 12, 13, 14, 15, 16, 17, 18, 19, 20, 21, 22, 23, 24, 25, 26, 27, 28, 29, 30, 31, 32, 33, 34, 35, 36, 37, 38, 39, 40, 41, 42, 43, 44, 45, 46, 47, 48, 49, 50, 51, 52, 53, 54, 55, 56, 57, 58, 59, 60, 61, 62, 63, 64, 65, 66, 67, 68, 69, 70, 71, 72, 73, 74, 75, 76, 77, 78, 79, 80, 81, 82, 83, 84, 85, 86, 87, 88, 89, 90, 91]
2025-01-11 07:03:06,495 - DEBUG - test Cluster 7 features: [0, 1, 2, 3, 4, 5, 6, 7, 8, 9, 10, 11, 12, 13, 14, 15, 16, 17, 18, 19, 20, 21, 22, 23, 24, 25, 26, 27, 28, 29, 30, 31, 32, 33, 34, 35, 36, 37, 38, 39, 40, 41, 42, 43, 44, 45, 46, 47, 48, 49, 50, 51, 52, 53, 54, 55, 56, 57, 58, 59, 60, 61, 62, 63, 64, 65, 66, 67, 68, 69, 70, 71, 72, 73, 74, 75, 76, 77, 78, 79, 80, 81, 82, 83, 84, 85, 86, 87, 88, 89, 90, 91]
2025-01-11 07:03:06,495 - DEBUG - training Cluster 8 features: [0, 1, 2, 3, 4, 5, 6, 7, 8, 9, 10, 11, 12, 13, 14, 15, 16, 17, 18, 19, 20, 21, 22, 23, 24, 25, 26, 27, 28, 29, 30, 31, 32, 33, 34, 35, 36, 37, 38, 39, 40, 41, 42, 43, 44, 45, 46, 47, 48, 49, 50, 51, 52, 53, 54, 55, 56, 57, 58, 59, 60, 61, 62, 63, 64, 65, 66, 67, 68, 69, 70, 71, 72, 73, 74, 75, 76, 77, 78, 79, 80, 81, 82, 83, 84, 85, 86, 87, 88, 89, 90, 91]
2025-01-11 07:03:06,495 - DEBUG - test Cluster 8 features: [0, 1, 2, 3, 4, 5, 6, 7, 8, 9, 10, 11, 12, 13, 14, 15, 16, 17, 18, 19, 20, 21, 22, 23, 24, 25, 26, 27, 28, 29, 30, 31, 32, 33, 34, 35, 36, 37, 38, 39, 40, 41, 42, 43, 44, 45, 46, 47, 48, 49, 50, 51, 52, 53, 54, 55, 56, 57, 58, 59, 60, 61, 62, 63, 64, 65, 66, 67, 68, 69, 70, 71, 72, 73, 74, 75, 76, 77, 78, 79, 80, 81, 82, 83, 84, 85, 86, 87, 88, 89, 90, 91]
2025-01-11 07:03:06,495 - DEBUG - training Cluster 9 features: [0, 1, 2, 3, 4, 5, 6, 7, 8, 9, 10, 11, 12, 13, 14, 15, 16, 17, 18, 19, 20, 21, 22, 23, 24, 25, 26, 27, 28, 29, 30, 31, 32, 33, 34, 35, 36, 37, 38, 39, 40, 41, 42, 43, 44, 45, 46, 47, 48, 49, 50, 51, 52, 53, 54, 55, 56, 57, 58, 59, 60, 61, 62, 63, 64, 65, 66, 67, 68, 69, 70, 71, 72, 73, 74, 75, 76, 77, 78, 79, 80, 81, 82, 83, 84, 85, 86, 87, 88, 89, 90, 91]
2025-01-11 07:03:06,495 - DEBUG - test Cluster 9 features: [0, 1, 2, 3, 4, 5, 6, 7, 8, 9, 10, 11, 12, 13, 14, 15, 16, 17, 18, 19, 20, 21, 22, 23, 24, 25, 26, 27, 28, 29, 30, 31, 32, 33, 34, 35, 36, 37, 38, 39, 40, 41, 42, 43, 44, 45, 46, 47, 48, 49, 50, 51, 52, 53, 54, 55, 56, 57, 58, 59, 60, 61, 62, 63, 64, 65, 66, 67, 68, 69, 70, 71, 72, 73, 74, 75, 76, 77, 78, 79, 80, 81, 82, 83, 84, 85, 86, 87, 88, 89, 90, 91]
2025-01-11 07:03:06,495 - DEBUG - training Cluster 10 features: [0, 1, 2, 3, 4, 5, 6, 7, 8, 9, 10, 11, 12, 13, 14, 15, 16, 17, 18, 19, 20, 21, 22, 23, 24, 25, 26, 27, 28, 29, 30, 31, 32, 33, 34, 35, 36, 37, 38, 39, 40, 41, 42, 43, 44, 45, 46, 47, 48, 49, 50, 51, 52, 53, 54, 55, 56, 57, 58, 59, 60, 61, 62, 63, 64, 65, 66, 67, 68, 69, 70, 71, 72, 73, 74, 75, 76, 77, 78, 79, 80, 81, 82, 83, 84, 85, 86, 87, 88, 89, 90, 91]
2025-01-11 07:03:06,495 - DEBUG - test Cluster 10 features: [0, 1, 2, 3, 4, 5, 6, 7, 8, 9, 10, 11, 12, 13, 14, 15, 16, 17, 18, 19, 20, 21, 22, 23, 24, 25, 26, 27, 28, 29, 30, 31, 32, 33, 34, 35, 36, 37, 38, 39, 40, 41, 42, 43, 44, 45, 46, 47, 48, 49, 50, 51, 52, 53, 54, 55, 56, 57, 58, 59, 60, 61, 62, 63, 64, 65, 66, 67, 68, 69, 70, 71, 72, 73, 74, 75, 76, 77, 78, 79, 80, 81, 82, 83, 84, 85, 86, 87, 88, 89, 90, 91]
2025-01-11 07:03:06,495 - DEBUG - training Cluster 11 features: [0, 1, 2, 3, 4, 5, 6, 7, 8, 9, 10, 11, 12, 13, 14, 15, 16, 17, 18, 19, 20, 21, 22, 23, 24, 25, 26, 27, 28, 29, 30, 31, 32, 33, 34, 35, 36, 37, 38, 39, 40, 41, 42, 43, 44, 45, 46, 47, 48, 49, 50, 51, 52, 53, 54, 55, 56, 57, 58, 59, 60, 61, 62, 63, 64, 65, 66, 67, 68, 69, 70, 71, 72, 73, 74, 75, 76, 77, 78, 79, 80, 81, 82, 83, 84, 85, 86, 87, 88, 89, 90, 91]
2025-01-11 07:03:06,495 - DEBUG - test Cluster 11 features: [0, 1, 2, 3, 4, 5, 6, 7, 8, 9, 10, 11, 12, 13, 14, 15, 16, 17, 18, 19, 20, 21, 22, 23, 24, 25, 26, 27, 28, 29, 30, 31, 32, 33, 34, 35, 36, 37, 38, 39, 40, 41, 42, 43, 44, 45, 46, 47, 48, 49, 50, 51, 52, 53, 54, 55, 56, 57, 58, 59, 60, 61, 62, 63, 64, 65, 66, 67, 68, 69, 70, 71, 72, 73, 74, 75, 76, 77, 78, 79, 80, 81, 82, 83, 84, 85, 86, 87, 88, 89, 90, 91]
2025-01-11 07:03:06,495 - INFO - predicting...
2025-01-11 07:03:06,495 - INFO - Predicting with 12 workers
2025-01-11 07:03:06,616 - DEBUG - Predicted for dict_keys([10]) clusters
2025-01-11 07:03:06,628 - DEBUG - Predicted for dict_keys([1]) clusters
2025-01-11 07:03:06,828 - DEBUG - Predicted for dict_keys([11]) clusters
2025-01-11 07:03:07,059 - DEBUG - Predicted for dict_keys([0]) clusters
2025-01-11 07:03:08,746 - DEBUG - Predicted for dict_keys([9]) clusters
2025-01-11 07:03:11,755 - DEBUG - Predicted for dict_keys([3]) clusters
2025-01-11 07:03:12,446 - DEBUG - Predicted for dict_keys([7]) clusters
2025-01-11 07:03:12,785 - DEBUG - Predicted for dict_keys([5]) clusters
2025-01-11 07:03:12,813 - DEBUG - Predicted for dict_keys([6]) clusters
2025-01-11 07:03:18,983 - DEBUG - Predicted for dict_keys([8]) clusters
2025-01-11 07:03:19,194 - DEBUG - Predicted for dict_keys([2]) clusters
2025-01-11 07:03:26,689 - DEBUG - Predicted for dict_keys([4]) clusters
2025-01-11 07:03:26,691 - INFO - Prediction time: 20.20 seconds
2025-01-11 07:03:26,691 - INFO - Testing time: 20.52 seconds
2025-01-11 07:03:26,692 - INFO - Cluster 10 Test samples: 266, Accuracy: 1.0000, F1 Score: 1.0000
2025-01-11 07:03:26,695 - INFO - Cluster 1 Test samples: 380, Accuracy: 0.9895, F1 Score: 0.9892
2025-01-11 07:03:26,697 - INFO - Cluster 11 Test samples: 576, Accuracy: 0.9757, F1 Score: 0.9731
2025-01-11 07:03:26,699 - INFO - Cluster 0 Test samples: 761, Accuracy: 0.9698, F1 Score: 0.9614
2025-01-11 07:03:26,703 - INFO - Cluster 9 Test samples: 1471, Accuracy: 0.9320, F1 Score: 0.9292
2025-01-11 07:03:26,709 - INFO - Cluster 3 Test samples: 2482, Accuracy: 0.9472, F1 Score: 0.9460
2025-01-11 07:03:26,715 - INFO - Cluster 7 Test samples: 2437, Accuracy: 0.9766, F1 Score: 0.9747
2025-01-11 07:03:26,720 - INFO - Cluster 5 Test samples: 2084, Accuracy: 0.9837, F1 Score: 0.9823
2025-01-11 07:03:26,726 - INFO - Cluster 6 Test samples: 2247, Accuracy: 0.9435, F1 Score: 0.9411
2025-01-11 07:03:26,732 - INFO - Cluster 8 Test samples: 2369, Accuracy: 0.9582, F1 Score: 0.9545
2025-01-11 07:03:26,738 - INFO - Cluster 2 Test samples: 2852, Accuracy: 0.9506, F1 Score: 0.9487
2025-01-11 07:03:26,744 - INFO - Cluster 4 Test samples: 3675, Accuracy: 0.9592, F1 Score: 0.9580
2025-01-11 07:03:26,744 - INFO - === Overall Test Results ===
2025-01-11 07:03:26,744 - INFO - Total test samples: 21600
2025-01-11 07:03:26,782 - INFO - Overall Accuracy: 0.9593
2025-01-11 07:03:26,782 - INFO - Overall F1 Score: 0.9593
2025-01-11 07:03:26,782 - INFO - === Timing Summary ===
2025-01-11 07:03:26,782 - INFO - Loading training data: 0.83 seconds
2025-01-11 07:03:26,782 - INFO - Loading test data: 0.21 seconds
2025-01-11 07:03:26,782 - INFO - Data normalization: 0.02 seconds
2025-01-11 07:03:26,782 - INFO - Clustering: 897.31 seconds
2025-01-11 07:03:26,782 - INFO - Data balancing: 0.24 seconds
2025-01-11 07:03:26,782 - INFO - SVM processing: 454.93 seconds
2025-01-11 07:03:26,782 - INFO -   Hyperparameter tuning: 424.82 seconds
2025-01-11 07:03:26,782 - INFO -   Training time: 9.53 seconds
2025-01-11 07:03:26,782 - INFO -   Testing time: 20.52 seconds
2025-01-11 07:03:26,782 - INFO -       Prediction time: 20.20 seconds
2025-01-11 07:03:26,782 - INFO - Total execution time: 1353.56 seconds
2025-01-11 07:03:26,782 - INFO - Finished at 2025-01-11 07:03:26
